        INFO: main.c(229): Compiled on Oct 19 2017 at 18:56:29
Current configuration:
[NAME]		[DEFLT]		[VALUE]
-2passvar	no		yes
-abeam		1e-100		1.000000e-90
-accumdir			/usr/local/share/pocketsphinx/model/ara/bwaccumdir/ara_buff_1
-agc		none		none
-agcthresh	2.0		2.000000e+00
-bbeam		1e-100		1.000000e-10
-cb2mllrfn	.1cls.		.1cls.
-cepdir				/usr/local/share/pocketsphinx/model/ara/feat
-cepext		mfc		mfc
-ceplen		13		13
-ckptintv			0
-cmn		live		batch
-cmninit	40,3,-1		40,3,-1
-ctlfn				/usr/local/share/pocketsphinx/model/ara/etc/ara_train.fileids
-diagfull	no		no
-dictfn				/usr/local/share/pocketsphinx/model/ara/etc/ara.dic
-example	no		no
-fdictfn			/usr/local/share/pocketsphinx/model/ara/etc/ara.filler
-feat		1s_c_d_dd	1s_c_d_dd
-fullvar	no		no
-help		no		no
-hmmdir				
-latdir				
-latext				
-lda				
-ldadim		0		0
-lsnfn				/usr/local/share/pocketsphinx/model/ara/etc/ara_train.transcription
-lw		11.5		1.150000e+01
-maxuttlen	0		0
-meanfn				/usr/local/share/pocketsphinx/model/ara/model_parameters/ara.ci_cont/means
-meanreest	yes		yes
-mixwfn				/usr/local/share/pocketsphinx/model/ara/model_parameters/ara.ci_cont/mixture_weights
-mixwreest	yes		yes
-mllrmat			
-mmie		no		no
-mmie_type	rand		rand
-moddeffn			/usr/local/share/pocketsphinx/model/ara/model_architecture/ara.ci.mdef
-mwfloor	0.00001		1.000000e-08
-npart				1
-nskip				0
-outphsegdir			
-outputfullpath	no		no
-part				1
-pdumpdir			
-phsegdir			
-phsegext	phseg		phseg
-runlen		-1		-1
-sentdir			
-sentext	sent		sent
-spthresh	0.0		0.000000e+00
-svspec				
-timing		yes		no
-tmatfn				/usr/local/share/pocketsphinx/model/ara/model_parameters/ara.ci_cont/transition_matrices
-tmatreest	yes		yes
-topn		4		1
-tpfloor	0.0001		1.000000e-04
-ts2cbfn			.cont.
-varfloor	0.00001		1.000000e-04
-varfn				/usr/local/share/pocketsphinx/model/ara/model_parameters/ara.ci_cont/variances
-varnorm	no		no
-varreest	yes		yes
-viterbi	no		no

INFO: feat.c(715): Initializing feature stream to type: '1s_c_d_dd', ceplen=13, CMN='batch', VARNORM='no', AGC='none'
INFO: main.c(318): Reading /usr/local/share/pocketsphinx/model/ara/model_architecture/ara.ci.mdef
INFO: model_def_io.c(573): Model definition info:
INFO: model_def_io.c(574): 12 total models defined (12 base, 0 tri)
INFO: model_def_io.c(575): 48 total states
INFO: model_def_io.c(576): 36 total tied states
INFO: model_def_io.c(577): 36 total tied CI states
INFO: model_def_io.c(578): 12 total tied transition matrices
INFO: model_def_io.c(579): 4 max state/model
INFO: model_def_io.c(580): 4 min state/model
INFO: s3mixw_io.c(117): Read /usr/local/share/pocketsphinx/model/ara/model_parameters/ara.ci_cont/mixture_weights [36x1x1 array]
INFO: s3tmat_io.c(118): Read /usr/local/share/pocketsphinx/model/ara/model_parameters/ara.ci_cont/transition_matrices [12x3x4 array]
INFO: mod_inv.c(301): inserting tprob floor 1.000000e-04 and renormalizing
INFO: s3gau_io.c(169): Read /usr/local/share/pocketsphinx/model/ara/model_parameters/ara.ci_cont/means [36x1x1 array]
INFO: s3gau_io.c(169): Read /usr/local/share/pocketsphinx/model/ara/model_parameters/ara.ci_cont/variances [36x1x1 array]
INFO: gauden.c(176): 36 total mgau
INFO: gauden.c(150): 1 feature streams (|0|=39 )
INFO: gauden.c(187): 1 total densities
INFO: gauden.c(90): min_var=1.000000e-04
INFO: gauden.c(165): compute 1 densities/frame
INFO: main.c(431): Will reestimate mixing weights.
INFO: main.c(433): Will reestimate means.
INFO: main.c(435): Will reestimate variances.
INFO: main.c(443): Will reestimate transition matrices
INFO: main.c(456): Reading main dictionary: /usr/local/share/pocketsphinx/model/ara/etc/ara.dic
INFO: lexicon.c(221): 2 entries added from /usr/local/share/pocketsphinx/model/ara/etc/ara.dic
INFO: main.c(466): Reading filler dictionary: /usr/local/share/pocketsphinx/model/ara/etc/ara.filler
INFO: lexicon.c(221): 3 entries added from /usr/local/share/pocketsphinx/model/ara/etc/ara.filler
INFO: corpus.c(1062): Will process all remaining utts starting at 0
INFO: main.c(665): Reestimation: Baum-Welch
INFO: cmn.c(133): CMN: 92.04 -16.72 -2.01 -3.53  1.25 -0.14 -0.51 -1.40 -1.83 -1.24 -0.34 -2.93 -1.01 
column defns
	<seq>
	<id>
	<n_frame_in>
	<n_frame_del>
	<n_state_shmm>
	<avg_states_alpha>
	<avg_states_beta>
	<avg_states_reest>
	<avg_posterior_prune>
	<frame_log_lik>
	<utt_log_lik>
	... timing info ... 
utt>     0                    file_1  192    0INFO: cvt2triphone.c(199): no multiphones defined, no conversion done
    52 22  2 5 3.700496e-12 -1.324850e+02 -2.543712e+04
INFO: cmn.c(133): CMN: 93.56 -18.12 -3.85 -4.64 -1.58 -1.83  0.27 -1.72  0.86 -0.83 -0.43 -0.03  0.16 
utt>     1                    file_2  115    0    36 21  2 5 3.872637e-12 -1.323317e+02 -1.521815e+04
overall> stats 307 (-0) -1.324276e+02 -4.065526e+04

INFO: s3mixw_io.c(233): Wrote /usr/local/share/pocketsphinx/model/ara/bwaccumdir/ara_buff_1/mixw_counts [36x1x1 array]
INFO: s3tmat_io.c(176): Wrote /usr/local/share/pocketsphinx/model/ara/bwaccumdir/ara_buff_1/tmat_counts [12x3x4 array]
INFO: s3gau_io.c(485): Wrote /usr/local/share/pocketsphinx/model/ara/bwaccumdir/ara_buff_1/gauden_counts with means with vars (2pass) [36x1x1 vector arrays]
INFO: main.c(999): Counts saved to /usr/local/share/pocketsphinx/model/ara/bwaccumdir/ara_buff_1
Thu Oct 26 11:26:28 2017
