Current configuration:
[NAME]		[DEFLT]	[VALUE]
-cpopsfn		/usr/local/share/pocketsphinx/model/ara/model_architecture/ara.cpmeanvar
-example	no	no
-help		no	no
-ifullgaufn		
-igaufn			/usr/local/share/pocketsphinx/model/ara/model_parameters/ara.ci_cont_flatinitial/globalvar
-imixwfn		
-itmatfn		
-ncbout			36
-nmixwout		0
-ntmatout		0
-ofullgaufn		
-ogaufn			/usr/local/share/pocketsphinx/model/ara/model_parameters/ara.ci_cont_flatinitial/variances
-omixwfn		
-otmatfn		

INFO: s3gau_io.c(169): Read /usr/local/share/pocketsphinx/model/ara/model_parameters/ara.ci_cont_flatinitial/globalvar [1x1x1 array]
INFO: s3gau_io.c(228): Wrote /usr/local/share/pocketsphinx/model/ara/model_parameters/ara.ci_cont_flatinitial/variances [36x1x1 array]
gau 0 <= 0
gau 1 <= 0
gau 2 <= 0
gau 3 <= 0
gau 4 <= 0
gau 5 <= 0
gau 6 <= 0
gau 7 <= 0
gau 8 <= 0
gau 9 <= 0
gau 10 <= 0
gau 11 <= 0
gau 12 <= 0
gau 13 <= 0
gau 14 <= 0
gau 15 <= 0
gau 16 <= 0
gau 17 <= 0
gau 18 <= 0
gau 19 <= 0
gau 20 <= 0
gau 21 <= 0
gau 22 <= 0
gau 23 <= 0
gau 24 <= 0
gau 25 <= 0
gau 26 <= 0
gau 27 <= 0
gau 28 <= 0
gau 29 <= 0
gau 30 <= 0
gau 31 <= 0
gau 32 <= 0
gau 33 <= 0
gau 34 <= 0
gau 35 <= 0
Thu Oct 26 11:26:27 2017
