Current configuration:
[NAME]		[DEFLT]	[VALUE]
-accumdir		/usr/local/share/pocketsphinx/model/ara/bwaccumdir/ara_buff_1,
-constE		3.0	3.000000e+00
-dcountfn		
-example	no	no
-fullvar	no	no
-help		no	no
-inmeanfn		
-inmixwfn		
-invarfn		
-meanfn			
-mixwfn			
-mmie		no	no
-oaccumdir		
-regmatfn		
-tiedvar	no	no
-tmatfn			
-varfn			/usr/local/share/pocketsphinx/model/ara/model_parameters/ara.ci_cont_flatinitial/globalvar

INFO: main.c(147): No -mixwfn specified, will skip if any
INFO: main.c(150): No -tmatfn specified, will skip if any
INFO: main.c(153): No -meanfn specified, will skip if any
INFO: main.c(207): Reading and accumulating counts from /usr/local/share/pocketsphinx/model/ara/bwaccumdir/ara_buff_1
INFO: s3gau_io.c(386): Read /usr/local/share/pocketsphinx/model/ara/bwaccumdir/ara_buff_1/gauden_counts with vars (2pass) [1x1x1 vector arrays]
INFO: main.c(321): -2passvar yes
INFO: main.c(414): Normalizing var
INFO: s3gau_io.c(228): Wrote /usr/local/share/pocketsphinx/model/ara/model_parameters/ara.ci_cont_flatinitial/globalvar [1x1x1 array]
Thu Oct 26 11:26:27 2017
