Current configuration:
[NAME]		[DEFLT]		[VALUE]
-accumdir			/usr/local/share/pocketsphinx/model/ara/bwaccumdir/ara_buff_1
-agc		none		none
-agcthresh	2.0		2.000000e+00
-cepdir				/usr/local/share/pocketsphinx/model/ara/feat
-cepext		mfc		mfc
-ceplen		13		13
-cmn		live		batch
-cmninit	40,3,-1		40,3,-1
-ctlfn				/usr/local/share/pocketsphinx/model/ara/etc/ara_train.fileids
-dictfn				
-example	no		no
-fdictfn			
-feat		1s_c_d_dd	1s_c_d_dd
-fullvar	no		no
-help		no		no
-lda				
-ldadim		0		0
-lsnfn				
-meanfn				/usr/local/share/pocketsphinx/model/ara/model_parameters/ara.ci_cont_flatinitial/globalmean
-moddeffn			
-npart				1
-nskip				0
-part				1
-runlen				0
-scaleseg	no		no
-segdir				
-segext		v8_seg		v8_seg
-svspec				
-ts2cbfn			
-varnorm	no		no

INFO: feat.c(715): Initializing feature stream to type: '1s_c_d_dd', ceplen=13, CMN='batch', VARNORM='no', AGC='none'
INFO: corpus.c(1062): Will process all remaining utts starting at 0
INFO: init_gau.c(145): Computing 1x1x1 variance estimates
INFO: s3gau_io.c(169): Read /usr/local/share/pocketsphinx/model/ara/model_parameters/ara.ci_cont_flatinitial/globalmean [1x1x1 array]
INFO: cmn.c(133): CMN: 92.04 -16.72 -2.01 -3.53  1.25 -0.14 -0.51 -1.40 -1.83 -1.24 -0.34 -2.93 -1.01 
INFO: cmn.c(133): CMN: 93.56 -18.12 -3.85 -4.64 -1.58 -1.83  0.27 -1.72  0.86 -0.83 -0.43 -0.03  0.16 
INFO: s3gau_io.c(485): Wrote /usr/local/share/pocketsphinx/model/ara/bwaccumdir/ara_buff_1/gauden_counts with vars (2pass) [1x1x1 vector arrays]
Thu Oct 26 11:26:27 2017
